NDC [0.56297 0.916331 6.16716 7.26099] [1.12592 0 5.71943 6.81371] [2.23404e-05 0 6.61489 7.70827]
NDC [0.56297 0.916331 6.16716 7.26099] [1.12351 0 5.71186 6.80615] [0.00242562 0 6.62245 7.71583]
NDC [0.56297 0.916331 6.16716 7.26099] [1.12104 0 5.70423 6.79853] [0.00490193 0 6.63008 7.72345]
NDC [0.56297 0.916331 6.16716 7.26099] [1.11762 0 5.69395 6.78826] [0.00832194 0 6.64036 7.73372]
NDC [0.56297 0.916331 6.16716 7.26099] [1.11468 0 5.68536 6.77967] [0.0112544 0 6.64896 7.74231]
NDC [0.56297 0.916331 6.16716 7.26099] [1.1121 0 5.67793 6.77225] [0.0138442 0 6.65638 7.74973]
NDC [0.56297 0.916331 6.16716 7.26099] [1.10911 0 5.66955 6.76388] [0.0168296 0 6.66476 7.7581]
NDC [0.56297 0.916331 6.16716 7.26099] [1.10596 0 5.6609 6.75524] [0.019983 0 6.67342 7.76674]
NDC [0.56297 0.916331 6.16716 7.26099] [1.10294 0 5.65281 6.74715] [0.0229989 0 6.68151 7.77483]
NDC [0.56297 0.916331 6.16716 7.26099] [1.10062 0 5.64669 6.74104] [0.0253216 0 6.68763 7.78094]
NDC [0.56297 0.916331 6.16716 7.26099] [1.09818 0 5.64037 6.73473] [0.02776 0 6.69395 7.78725]
NDC [0.56297 0.916331 6.16716 7.26099] [1.09561 0 5.63383 6.7282] [0.0303258 0 6.70048 7.79378]
NDC [0.56297 0.916331 6.16716 7.26099] [1.09302 0 5.62735 6.72172] [0.032916 0 6.70697 7.80026]
NDC [0.56297 0.916331 6.16716 7.26099] [1.09053 0 5.62119 6.71557] [0.0354143 0 6.71312 7.80641]
NDC [0.56297 0.916331 6.16716 7.26099] [1.08758 0 5.61406 6.70844] [0.0383606 0 6.72026 7.81354]
NDC [0.56297 0.916331 6.16716 7.26099] [1.08468 0 5.60717 6.70156] [0.0412588 0 6.72715 7.82042]
NDC [0.56297 0.916331 6.16716 7.26099] [1.08191 0 5.6007 6.6951] [0.0440246 0 6.73361 7.82688]
NDC [0.56297 0.916331 6.16716 7.26099] [1.07926 0 5.59459 6.689] [0.0466823 0 6.73972 7.83298]
NDC [0.56297 0.916331 6.16716 7.26099] [1.07551 0 5.58615 6.68056] [0.0504257 0 6.74817 7.84142]
NDC [0.56297 0.916331 6.16716 7.26099] [1.07285 0 5.58026 6.67467] [0.053088 0 6.75406 7.84731]
NDC [0.56297 0.916331 6.16716 7.26099] [1.06952 0 5.573 6.66743] [0.0564201 0 6.76131 7.85455]
NDC [0.56297 0.916331 6.16716 7.26099] [1.06675 0 5.56707 6.6615] [0.0591941 0 6.76725 7.86048]
NDC [0.56297 0.916331 6.16716 7.26099] [1.06392 0 5.56111 6.65554] [0.0620234 0 6.77321 7.86644]
NDC [0.56297 0.916331 6.16716 7.26099] [1.06091 0 5.55486 6.64931] [0.0650341 0 6.77945 7.87267]
NDC [0.56297 0.916331 6.16716 7.26099] [1.05799 0 5.54892 6.64337] [0.0679469 0 6.7854 7.87861]
NDC [0.56297 0.916331 6.16716 7.26099] [1.05508 0 5.54307 6.63753] [0.0708571 0 6.79125 7.88445]
NDC [0.56297 0.916331 6.16716 7.26099] [1.05103 0 5.53507 6.62954] [0.0749081 0 6.79924 7.89244]
NDC [0.56297 0.916331 6.16716 7.26099] [1.04721 0 5.52769 6.62216] [0.0787265 0 6.80663 7.89982]
NDC [0.56297 0.916331 6.16716 7.26099] [1.04398 0 5.52154 6.61602] [0.0819627 0 6.81277 7.90596]
NDC [0.56297 0.916331 6.16716 7.26099] [1.04092 0 5.51582 6.61031] [0.0850196 0 6.81849 7.91167]
NDC [0.56297 0.916331 6.16716 7.26099] [1.03778 0 5.51005 6.60454] [0.0881551 0 6.82426 7.91744]
NDC [0.56297 0.916331 6.16716 7.26099] [1.0348 0 5.50464 6.59913] [0.091138 0 6.82968 7.92285]
NDC [0.56297 0.916331 6.16716 7.26099] [1.03167 0 5.49905 6.59355] [0.0942645 0 6.83527 7.92843]
NDC [0.56297 0.916331 6.16716 7.26099] [1.02855 0 5.49354 6.58805] [0.0973931 0 6.84078 7.93394]
NDC [0.56297 0.916331 6.16716 7.26099] [1.02537 0 5.48803 6.58255] [0.100566 0 6.84628 7.93944]
NDC [0.56297 0.916331 6.16716 7.26099] [1.0222 0 5.4826 6.57712] [0.103744 0 6.85171 7.94486]
NDC [0.56297 0.916331 6.16716 7.26099] [1.01893 0 5.4771 6.57163] [0.107008 0 6.85721 7.95035]
NDC [0.56297 0.916331 6.16716 7.26099] [1.01555 0 5.47149 6.56602] [0.110393 0 6.86282 7.95596]
NDC [0.56297 0.916331 6.16716 7.26099] [1.01231 0 5.4662 6.56074] [0.113631 0 6.86811 7.96124]
NDC [0.56297 0.916331 6.16716 7.26099] [1.00916 0 5.46113 6.55567] [0.116783 0 6.87319 7.96631]
NDC [0.56297 0.916331 6.16716 7.26099] [1.00584 0 5.45587 6.55041] [0.120101 0 6.87845 7.97157]
NDC [0.56297 0.916331 6.16716 7.26099] [1.00222 0 5.45021 6.54476] [0.123724 0 6.88411 7.97723]
NDC [0.56297 0.916331 6.16716 7.26099] [0.998732 0 5.44485 6.5394] [0.127207 0 6.88947 7.98258]
NDC [0.56297 0.916331 6.16716 7.26099] [0.995326 0 5.43969 6.53425] [0.130613 0 6.89462 7.98773]
NDC [0.56297 0.916331 6.16716 7.26099] [0.99168 0 5.43425 6.52882] [0.134259 0 6.90006 7.99316]
NDC [0.56297 0.916331 6.16716 7.26099] [0.988301 0 5.42929 6.52386] [0.137638 0 6.90502 7.99812]
NDC [0.56297 0.916331 6.16716 7.26099] [0.984808 0 5.42424 6.51881] [0.141131 0 6.91008 8.00317]
NDC [0.56297 0.916331 6.16716 7.26099] [0.981381 0 5.41935 6.51393] [0.144559 0 6.91496 8.00805]
NDC [0.56297 0.916331 6.16716 7.26099] [0.977948 0 5.41453 6.50911] [0.147992 0 6.91979 8.01287]
NDC [0.56297 0.916331 6.16716 7.26099] [0.974569 0 5.40985 6.50444] [0.151371 0 6.92447 8.01754]
NDC [0.56297 0.916331 6.16716 7.26099] [0.968461 0 5.40156 6.49616] [0.157478 0 6.93275 8.02582]
NDC [0.56297 0.916331 6.16716 7.26099] [0.965884 0 5.39813 6.49273] [0.160055 0 6.93619 8.02925]
NDC [0.56297 0.916331 6.16716 7.26099] [0.963293 0 5.39471 6.48932] [0.162647 0 6.9396 8.03266]
NDC [0.56297 0.916331 6.16716 7.26099] [0.960057 0 5.3905 6.48511] [0.165883 0 6.94382 8.03687]
NDC [0.56297 0.916331 6.16716 7.26099] [0.956462 0 5.38589 6.4805] [0.169478 0 6.94843 8.04148]
NDC [0.56297 0.916331 6.16716 7.26099] [0.95283 0 5.38129 6.47591] [0.173109 0 6.95302 8.04607]
NDC [0.56297 0.916331 6.16716 7.26099] [0.949143 0 5.3767 6.47133] [0.176796 0 6.95761 8.05065]
NDC [0.56297 0.916331 6.16716 7.26099] [0.945329 0 5.37203 6.46665] [0.180611 0 6.96229 8.05533]
NDC [0.56297 0.916331 6.16716 7.26099] [0.941731 0 5.36768 6.46232] [0.184209 0 6.96663 8.05967]
NDC [0.56297 0.916331 6.16716 7.26099] [0.93788 0 5.36311 6.45774] [0.18806 0 6.97121 8.06424]
NDC [0.56297 0.916331 6.16716 7.26099] [0.934004 0 5.35857 6.45321] [0.191935 0 6.97574 8.06877]
NDC [0.56297 0.916331 6.16716 7.26099] [0.930168 0 5.35415 6.4488] [0.195771 0 6.98016 8.07318]
NDC [0.56297 0.916331 6.16716 7.26099] [0.926303 0 5.34977 6.44442] [0.199637 0 6.98454 8.07756]
NDC [0.56297 0.916331 6.16716 7.26099] [0.922502 0 5.34553 6.44019] [0.203438 0 6.98878 8.08179]
NDC [0.56297 0.916331 6.16716 7.26099] [0.918655 0 5.34131 6.43597] [0.207285 0 6.99301 8.08601]
NDC [0.56297 0.916331 6.16716 7.26099] [0.914579 0 5.33691 6.43157] [0.21136 0 6.99741 8.09041]
NDC [0.56297 0.916331 6.16716 7.26099] [0.910648 0 5.33273 6.4274] [0.215292 0 7.00159 8.09458]
NDC [0.56297 0.916331 6.16716 7.26099] [0.906836 0 5.32874 6.42342] [0.219103 0 7.00557 8.09856]
NDC [0.56297 0.916331 6.16716 7.26099] [0.902981 0 5.32478 6.41945] [0.222959 0 7.00954 8.10253]
NDC [0.56297 0.916331 6.16716 7.26099] [0.899072 0 5.32082 6.4155] [0.226868 0 7.0135 8.10648]
NDC [0.56297 0.916331 6.16716 7.26099] [0.895058 0 5.31682 6.4115] [0.230882 0 7.01749 8.11048]
NDC [0.56297 0.916331 6.16716 7.26099] [0.89086 0 5.31271 6.4074] [0.23508 0 7.0216 8.11458]
NDC [0.56297 0.916331 6.16716 7.26099] [0.886841 0 5.30884 6.40353] [0.239098 0 7.02547 8.11845]
NDC [0.56297 0.916331 6.16716 7.26099] [0.882737 0 5.30496 6.39965] [0.243202 0 7.02936 8.12233]
NDC [0.56297 0.916331 6.16716 7.26099] [0.878633 0 5.30114 6.39584] [0.247306 0 7.03317 8.12614]
NDC [0.56297 0.916331 6.16716 7.26099] [0.874591 0 5.29745 6.39215] [0.251348 0 7.03687 8.12983]
NDC [0.56297 0.916331 6.16716 7.26099] [0.870287 0 5.29358 6.38829] [0.255652 0 7.04073 8.13369]
NDC [0.56297 0.916331 6.16716 7.26099] [0.866174 0 5.28996 6.38467] [0.259765 0 7.04436 8.13731]
NDC [0.56297 0.916331 6.16716 7.26099] [0.861926 0 5.28628 6.38099] [0.264013 0 7.04804 8.14099]
NDC [0.56297 0.916331 6.16716 7.26099] [0.85789 0 5.28284 6.37756] [0.268049 0 7.05147 8.14442]
NDC [0.56297 0.916331 6.16716 7.26099] [0.853186 0 5.27891 6.37364] [0.272753 0 7.0554 8.14835]
NDC [0.56297 0.916331 6.16716 7.26099] [0.845862 0 5.27296 6.36768] [0.280078 0 7.06136 8.1543]
NDC [0.413629 0.916331 6.06528 7.15921] [0.643275 0 5.13328 6.22815] [0.183984 0 6.99727 8.09028]
NDC [0.413629 0.916331 6.06528 7.15921] [0.640142 0 5.13134 6.22621] [0.187116 0 6.99921 8.09221]
NDC [0.413629 0.916331 6.06528 7.15921] [0.63657 0 5.12917 6.22404] [0.190689 0 7.00138 8.09438]
NDC [0.413629 0.916331 6.06528 7.15921] [0.631995 0 5.12645 6.22132] [0.195263 0 7.00411 8.0971]
NDC [0.413629 0.916331 6.06528 7.15921] [0.627607 0 5.12389 6.21877] [0.199652 0 7.00666 8.09965]
NDC [0.413629 0.916331 6.06528 7.15921] [0.623213 0 5.1214 6.21628] [0.204045 0 7.00915 8.10214]
NDC [0.413629 0.916331 6.06528 7.15921] [0.618858 0 5.11898 6.21386] [0.208401 0 7.01157 8.10456]
NDC [0.413629 0.916331 6.06528 7.15921] [0.614468 0 5.1166 6.21149] [0.21279 0 7.01395 8.10694]
NDC [0.413629 0.916331 6.06528 7.15921] [0.609957 0 5.11422 6.2091] [0.217301 0 7.01634 8.10932]
NDC [0.413629 0.916331 6.06528 7.15921] [0.605537 0 5.11194 6.20683] [0.221721 0 7.01861 8.1116]
NDC [0.261141 0.916331 5.91647 7.01056] [0.395474 0 4.93854 6.0336] [0.126808 0 6.89441 7.98752]
NDC [0.106665 0.916331 5.72188 6.81616] [0.181444 0 4.72797 5.82324] [0.0318866 0 6.71579 7.80908]
NDC [0.106665 0.916331 5.72188 6.81616] [0.176862 0 4.72712 5.8224] [0.0364687 0 6.71664 7.80992]
NDC [-0.0486225 0.916331 5.48298 6.57749] [-0.03781 0 4.48212 5.57764] [-0.0594349 0 6.48383 7.57735]
NDC [-0.0486225 0.916331 5.48298 6.57749] [-0.0425735 0 4.48202 5.57754] [-0.0546714 0 6.48393 7.57745]
NDC [-0.20354 0.916331 5.20158 6.29638] [-0.257438 0 4.20426 5.30006] [-0.149642 0 6.19891 7.29271]
NDC [-0.20354 0.916331 5.20158 6.29638] [-0.262261 0 4.20495 5.30074] [-0.144819 0 6.19822 7.29202]
NDC [-0.356908 0.916331 4.87984 5.97496] [-0.47455 0 3.89648 4.99259] [-0.239267 0 5.8632 6.95734]
NDC [-0.507561 0.916331 4.5202 5.61568] [-0.683043 0 3.55889 4.65533] [-0.332079 0 5.48151 6.57603]
NDC [-0.507561 0.916331 4.5202 5.61568] [-0.687461 0 3.56096 4.6574] [-0.32766 0 5.47944 6.57396]
NDC [-0.65435 0.916331 4.1254 5.22127] [-0.890368 0 3.19743 4.29424] [-0.418332 0 5.05336 6.1483]
NDC [-0.65435 0.916331 4.1254 5.22127] [-0.894763 0 3.20029 4.29709] [-0.413937 0 5.0505 6.14545]
NDC [-0.796159 0.916331 3.69843 4.79473] [-1.091 0 2.81405 3.91123] [-0.501322 0 4.58282 5.67823]
NDC [-0.796159 0.916331 3.69843 4.79473] [-1.09517 0 2.8176 3.91478] [-0.497146 0 4.57926 5.67469]
NDC [-0.931909 0.916331 3.24256 4.33932] [-1.28222 0 2.41092 3.50851] [-0.5816 0 4.0742 5.17012]
NDC [-1.06057 0.916331 2.76125 3.85848] [-1.45892 0 1.98623 3.08424] [-0.662213 0 3.53626 4.63273]
NDC [-1.06057 0.916331 2.76125 3.85848] [-1.4624 0 1.99079 3.0888] [-0.658729 0 3.5317 4.62817]
NDC [-1.18115 0.916331 2.25816 3.3559] [-1.62727 0 1.55202 2.65046] [-0.735036 0 2.9643 4.06133]
NDC [-1.18115 0.916331 2.25816 3.3559] [-1.63079 0 1.55769 2.65613] [-0.731513 0 2.95862 4.05566]
NDC [-1.29275 0.916331 1.73712 2.83538] [-1.78224 0 1.10783 2.20672] [-0.803264 0 2.36641 3.46404]
NDC [-1.29275 0.916331 1.73712 2.83538] [-1.78543 0 1.11416 2.21305] [-0.800071 0 2.36008 3.45772]
NDC [-1.39451 0.916331 1.2021 2.3009] [-1.92194 0 0.655841 1.75518] [-0.867073 0 1.74836 2.84661]
NDC [-1.48565 0.916331 0.65717 1.75651] [-2.04331 0 0.193003 1.29281] [-0.927994 0 1.12134 2.22022]
NDC [-1.48565 0.916331 0.65717 1.75651] [-2.04551 0 0.199738 1.29954] [-0.925798 0 1.1146 2.21349]
NDC [-1.56549 0.916331 0.106477 1.20637] [-2.15002 0 -0.264793 0.835471] [-0.980967 0 0.477748 1.57727]
NDC [-1.56549 0.916331 0.106477 1.20637] [-2.15174 0 -0.257841 0.842417] [-0.97924 0 0.470796 1.57032]
NDC [-1.63342 0.916331 -0.445788 0.654658] [-2.23879 0 -0.719802 0.380917] [-1.02804 0 -0.171774 0.928398]
NDC [-1.63342 0.916331 -0.445788 0.654658] [-2.24001 0 -0.712901 0.387812] [-1.02682 0 -0.178676 0.921503]
NDC [-1.68891 0.916331 -0.995423 0.105573] [-2.30868 0 -1.16999 -0.0688199] [-1.06913 0 -0.820855 0.279966]
NDC [-1.68891 0.916331 -0.995423 0.105573] [-2.30949 0 -1.16257 -0.0614052] [-1.06833 0 -0.828278 0.272551]
NDC [-1.68891 0.916331 -0.995423 0.105573] [-2.3108 0 -1.14979 -0.0486375] [-1.06702 0 -0.841058 0.259783]
NDC [-1.68891 0.916331 -0.995423 0.105573] [-2.31131 0 -1.1445 -0.0433588] [-1.06651 0 -0.846342 0.254504]
NDC [-1.68891 0.916331 -0.995423 0.105573] [-2.3118 0 -1.13921 -0.0380673] [-1.06602 0 -0.851639 0.249213]
NDC [-1.68891 0.916331 -0.995423 0.105573] [-2.31245 0 -1.13196 -0.030824] [-1.06537 0 -0.858889 0.24197]
NDC [-1.68891 0.916331 -0.995423 0.105573] [-2.3131 0 -1.12422 -0.0230998] [-1.06472 0 -0.866621 0.234245]
NDC [-1.68891 0.916331 -0.995423 0.105573] [-2.31371 0 -1.11644 -0.015324] [-1.06411 0 -0.874405 0.22647]
NDC [-1.68891 0.916331 -0.995423 0.105573] [-2.31432 0 -1.10822 -0.00710803] [-1.0635 0 -0.882629 0.218254]
NDC [-1.68891 0.916331 -0.995423 0.105573] [-2.31483 0 -1.10088 0.000216226] [-1.06299 0 -0.889961 0.210929]
NDC [-1.68891 0.916331 -0.995423 0.105573] [-2.31532 0 -1.09321 0.00788692] [-1.0625 0 -0.897639 0.203259]
NDC [-1.68891 0.916331 -0.995423 0.105573] [-2.3158 0 -1.08503 0.0160547] [-1.06202 0 -0.905815 0.195091]
NDC [-1.68891 0.916331 -0.995423 0.105573] [-2.31619 0 -1.07781 0.0232669] [-1.06163 0 -0.913034 0.187879]
NDC [-1.68891 0.916331 -0.995423 0.105573] [-2.31656 0 -1.07044 0.0306259] [-1.06126 0 -0.920401 0.18052]
NDC [-1.68891 0.916331 -0.995423 0.105573] [-2.31689 0 -1.06308 0.0379789] [-1.06093 0 -0.927761 0.173167]
NDC [-1.68891 0.916331 -0.995423 0.105573] [-2.31719 0 -1.05567 0.0453838] [-1.06063 0 -0.935173 0.165762]
NDC [-1.68891 0.916331 -0.995423 0.105573] [-2.31745 0 -1.04829 0.0527606] [-1.06037 0 -0.942558 0.158385]
NDC [-1.68891 0.916331 -0.995423 0.105573] [-2.31768 0 -1.04071 0.0603304] [-1.06013 0 -0.950135 0.150815]
NDC [-1.68891 0.916331 -0.995423 0.105573] [-2.31788 0 -1.03327 0.0677665] [-1.05994 0 -0.957578 0.143379]
NDC [-1.68891 0.916331 -0.995423 0.105573] [-2.31804 0 -1.02593 0.0750914] [-1.05978 0 -0.964911 0.136054]
NDC [-1.68891 0.916331 -0.995423 0.105573] [-2.31816 0 -1.01824 0.0827776] [-1.05965 0 -0.972605 0.128368]
NDC [-1.68891 0.916331 -0.995423 0.105573] [-2.3183 0 -1.00555 0.0954571] [-1.05952 0 -0.985297 0.115689]
NDC [-1.68891 0.916331 -0.995423 0.105573] [-2.31832 0 -1.0002 0.100798] [-1.0595 0 -0.990643 0.110348]
NDC [-1.68891 0.916331 -0.995423 0.105573] [-2.31833 0 -0.994856 0.106138] [-1.05949 0 -0.995989 0.105007]
NDC [-1.68891 0.916331 -0.995423 0.105573] [-2.31831 0 -0.988526 0.112463] [-1.0595 0 -1.00232 0.0986826]
NDC [-1.68891 0.916331 -0.995423 0.105573] [-2.31826 0 -0.98111 0.119871] [-1.05955 0 -1.00974 0.0912747]
NDC [-1.68891 0.916331 -0.995423 0.105573] [-2.31818 0 -0.973649 0.127325] [-1.05964 0 -1.0172 0.0838207]
NDC [-1.68891 0.916331 -0.995423 0.105573] [-2.31806 0 -0.966389 0.134577] [-1.05975 0 -1.02446 0.0765686]
NDC [-1.68891 0.916331 -0.995423 0.105573] [-2.31791 0 -0.958968 0.141991] [-1.05991 0 -1.03188 0.0691545]
NDC [-1.68891 0.916331 -0.995423 0.105573] [-2.31772 0 -0.951504 0.149447] [-1.0601 0 -1.03934 0.0616982]
NDC [-1.68891 0.916331 -0.995423 0.105573] [-2.3175 0 -0.944177 0.156767] [-1.06032 0 -1.04667 0.0543782]
NDC [-1.68891 0.916331 -0.995423 0.105573] [-2.31726 0 -0.937056 0.163881] [-1.06056 0 -1.05379 0.0472642]
NDC [-1.68891 0.916331 -0.995423 0.105573] [-2.31697 0 -0.929644 0.171285] [-1.06085 0 -1.0612 0.0398602]
NDC [-1.68891 0.916331 -0.995423 0.105573] [-2.31665 0 -0.922292 0.17863] [-1.06117 0 -1.06855 0.0325154]
NDC [-1.68891 0.916331 -0.995423 0.105573] [-2.31625 0 -0.914239 0.186675] [-1.06156 0 -1.07661 0.0244703]
NDC [-1.68891 0.916331 -0.995423 0.105573] [-2.31586 0 -0.906841 0.194066] [-1.06196 0 -1.084 0.0170796]
NDC [-1.68891 0.916331 -0.995423 0.105573] [-2.31541 0 -0.899209 0.20169] [-1.0624 0 -1.09164 0.00945544]
NDC [-1.68891 0.916331 -0.995423 0.105573] [-2.31493 0 -0.891593 0.209299] [-1.06288 0 -1.09925 0.00184684]
NDC [-1.68891 0.916331 -0.995423 0.105573] [-2.3144 0 -0.883731 0.217152] [-1.06342 0 -1.10711 -0.00600679]
NDC [-1.68891 0.916331 -0.995423 0.105573] [-2.31384 0 -0.876108 0.224768] [-1.06398 0 -1.11474 -0.0136223]
NDC [-1.68891 0.916331 -0.995423 0.105573] [-2.31323 0 -0.868238 0.23263] [-1.06459 0 -1.12261 -0.0214841]
NDC [-1.68891 0.916331 -0.995423 0.105573] [-2.31257 0 -0.86028 0.240581] [-1.06525 0 -1.13057 -0.029435]
NDC [-1.68891 0.916331 -0.995423 0.105573] [-2.31189 0 -0.852569 0.248284] [-1.06593 0 -1.13828 -0.0371384]
NDC [-1.68891 0.916331 -0.995423 0.105573] [-2.31122 0 -0.845427 0.255418] [-1.0666 0 -1.14542 -0.0442725]
NDC [-1.68891 0.916331 -0.995423 0.105573] [-2.31048 0 -0.837836 0.263002] [-1.06734 0 -1.15301 -0.0518567]
NDC [-1.68891 0.916331 -0.995423 0.105573] [-2.30932 0 -0.826678 0.274149] [-1.0685 0 -1.16417 -0.0630035]
NDC [-1.68891 0.916331 -0.995423 0.105573] [-2.30849 0 -0.819094 0.281725] [-1.06933 0 -1.17175 -0.070579]
NDC [-1.68891 0.916331 -0.995423 0.105573] [-2.30767 0 -0.812014 0.288798] [-1.07015 0 -1.17883 -0.0776527]
NDC [-1.68891 0.916331 -0.995423 0.105573] [-2.30679 0 -0.804645 0.29616] [-1.07103 0 -1.1862 -0.0850142]
NDC [-1.68891 0.916331 -0.995423 0.105573] [-2.30586 0 -0.797199 0.303598] [-1.07195 0 -1.19365 -0.0924527]
NDC [-1.73155 0.916331 -1.53824 -0.436705] [-2.33392 0 -1.24793 -0.146683] [-1.12918 0 -1.82856 -0.726726]
NDC [-1.73155 0.916331 -1.53824 -0.436705] [-2.33261 0 -1.24118 -0.139941] [-1.13048 0 -1.8353 -0.733469]
NDC [-1.73155 0.916331 -1.53824 -0.436705] [-2.33115 0 -1.23382 -0.132583] [-1.13194 0 -1.84267 -0.740827]
NDC [-1.73155 0.916331 -1.53824 -0.436705] [-2.32978 0 -1.22706 -0.125832] [-1.13332 0 -1.84943 -0.747578]
NDC [-1.73155 0.916331 -1.53824 -0.436705] [-2.32831 0 -1.22002 -0.118798] [-1.13478 0 -1.85647 -0.754612]
NDC [-1.73155 0.916331 -1.53824 -0.436705] [-2.32665 0 -1.21224 -0.111031] [-1.13644 0 -1.86424 -0.762378]
NDC [-1.73155 0.916331 -1.53824 -0.436705] [-2.32512 0 -1.20525 -0.104041] [-1.13798 0 -1.87124 -0.769369]
NDC [-1.73155 0.916331 -1.53824 -0.436705] [-2.32358 0 -1.19841 -0.0972092] [-1.13951 0 -1.87808 -0.776201]
NDC [-1.76101 0.916331 -2.07012 -0.968048] [-2.32835 0 -1.63665 -0.535009] [-1.19367 0 -2.50359 -1.40109]
NDC [-1.76101 0.916331 -2.07012 -0.968048] [-2.32689 0 -1.63183 -0.530203] [-1.19513 0 -2.5084 -1.40589]
NDC [-1.76101 0.916331 -2.07012 -0.968048] [-2.32541 0 -1.62703 -0.525408] [-1.19661 0 -2.5132 -1.41069]
NDC [-1.77707 0.916331 -2.587 -1.48441] [-2.31292 0 -2.06186 -0.959799] [-1.24122 0 -3.11214 -2.00903]
NDC [-1.7796 0.916331 -3.08496 -1.98187] [-2.28098 0 -2.47982 -1.37734] [-1.27822 0 -3.6901 -2.58641]
NDC [-1.7796 0.916331 -3.08496 -1.98187] [-2.27804 0 -2.47369 -1.37121] [-1.28117 0 -3.69623 -2.59253]
NDC [-1.76859 0.916331 -3.5602 -2.45664] [-2.22841 0 -2.87664 -1.77377] [-1.30878 0 -4.24375 -3.13951]
NDC [-1.76859 0.916331 -3.5602 -2.45664] [-2.22512 0 -2.87109 -1.76821] [-1.31207 0 -4.24931 -3.14506]
NDC [-1.74412 0.916331 -4.0091 -2.90509] [-2.15703 0 -3.2536 -2.15035] [-1.33121 0 -4.7646 -3.65984]
NDC [-1.70638 0.916331 -4.42826 -3.32383] [-2.07169 0 -3.61311 -2.5095] [-1.34106 0 -5.2434 -4.13816]
NDC [-1.70638 0.916331 -4.42826 -3.32383] [-2.06733 0 -3.60821 -2.5046] [-1.34543 0 -5.24831 -4.14306]
NDC [-1.65565 0.916331 -4.81447 -3.70966] [-1.9663 0 -3.94389 -2.83994] [-1.345 0 -5.68506 -4.57937]
NDC [-1.65565 0.916331 -4.81447 -3.70966] [-1.96237 0 -3.94037 -2.83643] [-1.34893 0 -5.68857 -4.58289]
NDC [-1.59232 0.916331 -5.16481 -4.05964] [-1.84572 0 -4.24852 -3.14427] [-1.33892 0 -6.0811 -4.97502]
NDC [-1.51687 0.916331 -5.4766 -4.37112] [-1.71467 0 -4.52631 -3.42179] [-1.31907 0 -6.42689 -5.32046]
NDC [-1.51687 0.916331 -5.4766 -4.37112] [-1.70704 0 -4.52238 -3.41786] [-1.3267 0 -6.43082 -5.32439]
NDC [-1.42988 0.916331 -5.74747 -4.64173] [-1.56375 0 -4.76938 -3.66461] [-1.296 0 -6.72557 -5.61884]
NDC [-1.42988 0.916331 -5.74747 -4.64173] [-1.5603 0 -4.7682 -3.66343] [-1.29945 0 -6.72675 -5.62002]
NDC [-1.332 0.916331 -5.97537 -4.86939] [-1.40321 0 -4.98079 -3.87581] [-1.26079 0 -6.96994 -5.86297]
NDC [-1.22399 0.916331 -6.15854 -5.05239] [-1.23497 0 -5.1577 -4.05254] [-1.21301 0 -7.15939 -6.05223]
NDC [-1.22399 0.916331 -6.15854 -5.05239] [-1.23025 0 -5.15759 -4.05244] [-1.21772 0 -7.1595 -6.05234]
NDC [-1.10666 0.916331 -6.29561 -5.18932] [-1.0529 0 -5.29827 -4.19297] [-1.16042 0 -7.29296 -6.18566]
NDC [-1.10666 0.916331 -6.29561 -5.18932] [-1.04842 0 -5.29891 -4.19361] [-1.1649 0 -7.29232 -6.18503]
NDC [-0.980909 0.916331 -6.38553 -5.27915] [-0.863389 0 -5.40213 -4.29673] [-1.09843 0 -7.36893 -6.26156]
NDC [-0.980909 0.916331 -6.38553 -5.27915] [-0.858777 0 -5.40356 -4.29815] [-1.10304 0 -7.36751 -6.26014]
NDC [-0.847693 0.916331 -6.42762 -5.32119] [-0.667371 0 -5.46857 -4.3631] [-1.02802 0 -7.38666 -6.27927]
NDC [-0.708026 0.916331 -6.42154 -5.31512] [-0.471403 0 -5.49397 -4.38847] [-0.944648 0 -7.34911 -6.24176]
NDC [-0.708026 0.916331 -6.42154 -5.31512] [-0.466915 0 -5.4969 -4.3914] [-0.949136 0 -7.34619 -6.23884]
NDC [-0.708026 0.916331 -6.42154 -5.31512] [-0.462539 0 -5.49981 -4.39431] [-0.953512 0 -7.34327 -6.23593]
NDC [-0.708026 0.916331 -6.42154 -5.31512] [-0.458362 0 -5.50266 -4.39715] [-0.957689 0 -7.34043 -6.23309]
NDC [-0.708026 0.916331 -6.42154 -5.31512] [-0.454073 0 -5.50563 -4.40013] [-0.961978 0 -7.33745 -6.23011]
NDC [-0.708026 0.916331 -6.42154 -5.31512] [-0.449671 0 -5.50875 -4.40324] [-0.96638 0 -7.33433 -6.227]
NDC [-0.708026 0.916331 -6.42154 -5.31512] [-0.445356 0 -5.51187 -4.40636] [-0.970695 0 -7.33121 -6.22388]
NDC [-0.708026 0.916331 -6.42154 -5.31512] [-0.44119 0 -5.51494 -4.40943] [-0.974861 0 -7.32814 -6.22081]
NDC [-0.708026 0.916331 -6.42154 -5.31512] [-0.436946 0 -5.51813 -4.41262] [-0.979105 0 -7.32495 -6.21762]
NDC [-0.708026 0.916331 -6.42154 -5.31512] [-0.432498 0 -5.52154 -4.41602] [-0.983553 0 -7.32154 -6.21422]
NDC [-0.708026 0.916331 -6.42154 -5.31512] [-0.428281 0 -5.52484 -4.41932] [-0.98777 0 -7.31824 -6.21092]
NDC [-0.708026 0.916331 -6.42154 -5.31512] [-0.42422 0 -5.52807 -4.42255] [-0.991831 0 -7.31501 -6.20769]
NDC [-0.708026 0.916331 -6.42154 -5.31512] [-0.42021 0 -5.53132 -4.42579] [-0.995841 0 -7.31176 -6.20445]
NDC [-0.708026 0.916331 -6.42154 -5.31512] [-0.416034 0 -5.53477 -4.42924] [-1.00002 0 -7.30831 -6.201]
NDC [-0.708026 0.916331 -6.42154 -5.31512] [-0.412006 0 -5.53815 -4.43262] [-1.00404 0 -7.30493 -6.19762]
NDC [-0.708026 0.916331 -6.42154 -5.31512] [-0.407396 0 -5.5421 -4.43656] [-1.00866 0 -7.30098 -6.19368]
NDC [-0.708026 0.916331 -6.42154 -5.31512] [-0.403434 0 -5.54556 -4.44001] [-1.01262 0 -7.29753 -6.19023]
NDC [-0.708026 0.916331 -6.42154 -5.31512] [-0.399235 0 -5.54928 -4.44373] [-1.01682 0 -7.2938 -6.18651]
NDC [-0.708026 0.916331 -6.42154 -5.31512] [-0.39497 0 -5.55314 -4.44758] [-1.02108 0 -7.28995 -6.18266]
NDC [-0.708026 0.916331 -6.42154 -5.31512] [-0.390928 0 -5.55685 -4.4513] [-1.02512 0 -7.28623 -6.17894]
NDC [-0.708026 0.916331 -6.42154 -5.31512] [-0.386459 0 -5.56104 -4.45548] [-1.02959 0 -7.28205 -6.17476]
NDC [-0.56297 0.916331 -6.36736 -5.26099] [-0.191696 0 -5.55905 -4.45349] [-0.934244 0 -7.17567 -6.06849]
NDC [-0.56297 0.916331 -6.36736 -5.26099] [-0.185164 0 -5.56674 -4.46117] [-0.940775 0 -7.16797 -6.06081]
NDC [-0.56297 0.916331 -6.36736 -5.26099] [-0.182479 0 -5.56996 -4.46439] [-0.943461 0 -7.16475 -6.05759]
NDC [-0.56297 0.916331 -6.36736 -5.26099] [-0.179802 0 -5.57321 -4.46764] [-0.946137 0 -7.1615 -6.05434]
NDC [-0.56297 0.916331 -6.36736 -5.26099] [-0.176613 0 -5.57713 -4.47155] [-0.949327 0 -7.15759 -6.05043]
NDC [-0.56297 0.916331 -6.36736 -5.26099] [-0.172746 0 -5.58195 -4.47637] [-0.953194 0 -7.15276 -6.04561]
NDC [-0.56297 0.916331 -6.36736 -5.26099] [-0.168974 0 -5.58673 -4.48114] [-0.956965 0 -7.14799 -6.04084]
NDC [-0.56297 0.916331 -6.36736 -5.26099] [-0.165314 0 -5.59144 -4.48584] [-0.960625 0 -7.14328 -6.03614]
NDC [-0.413629 0.916331 -6.26548 -5.15921] [0.0285171 0 -5.55305 -4.44749] [-0.855776 0 -6.9779 -5.87093]
NDC [-0.413629 0.916331 -6.26548 -5.15921] [0.0317406 0 -5.55814 -4.45259] [-0.858999 0 -6.97281 -5.86584]
NDC [-0.261141 0.916331 -6.11667 -5.01056] [0.224371 0 -5.47964 -4.37416] [-0.746652 0 -6.7537 -5.64695]
NDC [-0.261141 0.916331 -6.11667 -5.01056] [0.227334 0 -5.4854 -4.37991] [-0.749616 0 -6.74795 -5.6412]
NDC [-0.261141 0.916331 -6.11667 -5.01056] [0.230674 0 -5.49199 -4.3865] [-0.752956 0 -6.74135 -5.63461]
NDC [-0.261141 0.916331 -6.11667 -5.01056] [0.233575 0 -5.49781 -4.39231] [-0.755857 0 -6.73553 -5.6288]
NDC [-0.261141 0.916331 -6.11667 -5.01056] [0.236448 0 -5.50366 -4.39816] [-0.758729 0 -6.72968 -5.62295]
NDC [-0.261141 0.916331 -6.11667 -5.01056] [0.239407 0 -5.50979 -4.40428] [-0.761689 0 -6.72356 -5.61683]
NDC [-0.261141 0.916331 -6.11667 -5.01056] [0.242234 0 -5.51573 -4.41022] [-0.764516 0 -6.71761 -5.6109]
NDC [-0.261141 0.916331 -6.11667 -5.01056] [0.24515 0 -5.52196 -4.41644] [-0.767431 0 -6.71139 -5.60468]
NDC [-0.261141 0.916331 -6.11667 -5.01056] [0.248191 0 -5.52856 -4.42304] [-0.770473 0 -6.70478 -5.59808]
