Mapsforge Header Information
magic: mapsforge binary OSM
header size: 6271 bytes
version: 4
file size: 139845675 bytes
created: Sat Feb 26 09:55:27 CET 2005
bbox: (49.2909°N, 7.66757°E)(51.7625°N, 10.344°E)
tile size: 256
projection: Mercator
flags: pos0 zoom0 lang author
pos0: (50.5267°N, 9.00577°E)
zoom0: 8
lang: en,de,fr,es
author: mapsforge-map-writer-0.9.0
pois:
	amenity=bench
	highway=bus_stop
	power=tower
	barrier=gate
	highway=traffic_signals
	highway=turning_circle
	barrier=bollard
	amenity=restaurant
	tourism=information
	amenity=recycling
	amenity=parking
	barrier=lift_gate
	amenity=post_box
	amenity=shelter
	railway=level_crossing
	historic=memorial
	place=locality
	natural=peak
	place=village
	barrier=cycle_barrier
	shop=bakery
	amenity=cafe
	power=generator
	amenity=fast_food
	leisure=playground
	amenity=telephone
	amenity=bank
	shop=hairdresser
	tourism=viewpoint
	amenity=place_of_worship
	religion=christian
	shop=supermarket
	emergency=phone
	amenity=pharmacy
	amenity=pub
	amenity=fountain
	natural=spring
	amenity=kindergarten
	tourism=hotel
	amenity=fire_station
	amenity=fuel
	amenity=toilets
	tourism=attraction
	amenity=atm
	man_made=surveillance
	man_made=tower
	railway=tram_stop
	amenity=post_office
	amenity=school
	place=town
	place=suburb
	place=hamlet
	amenity=bar
	amenity=drinking_water
	shop=bicycle
	railway=station
	tourism=museum
	railway=halt
	amenity=bicycle_rental
	amenity=library
	amenity=townhall
	leisure=slipway
	highway=mini_roundabout
	amenity=theatre
	aeroway=gate
	amenity=police
	shop=laundry
	amenity=grave_yard
	religion=muslim
	amenity=cinema
	tourism=hostel
	amenity=hospital
	amenity=university
	aeroway=helipad
	amenity=bus_station
	natural=cave_entrance
	historic=monument
	religion=jewish
	aeroway=aerodrome
	place=city
	shop=organic
	tourism=alpine_hut
	barrier=toll_booth
	shop=mall
	station=subway
	man_made=windmill
	place=island
ways:
	building=yes
	highway=track
	highway=residential
	building=house
	natural=scrub
	highway=service
	landuse=farmland
	oneway=yes
	highway=footway
	landuse=meadow
	building=residential
	highway=path
	tracktype=grade2
	tracktype=grade3
	tracktype=grade5
	landuse=forest
	tracktype=grade1
	tracktype=grade4
	landuse=grass
	waterway=stream
	highway=secondary
	building=garage
	highway=primary
	railway=rail
	area=yes
	bridge=yes
	highway=tertiary
	amenity=parking
	boundary=administrative
	landuse=residential
	natural=wood
	access=private
	natural=nosea
	natural=sea
	natural=water
	highway=motorway
	highway=unclassified
	building=apartments
	highway=steps
	oneway=no
	roof:shape=gabled
	natural=grassland
	landuse=allotments
	barrier=fence
	tunnel=yes
	leisure=pitch
	highway=motorway_link
	highway=living_street
	landuse=farmyard
	highway=trunk
	landuse=industrial
	building=garages
	landuse=cemetery
	barrier=wall
	leisure=park
	building=industrial
	building=detached
	highway=trunk_link
	highway=cycleway
	landuse=orchard
	landuse=commercial
	leisure=playground
	waterway=river
	building=shed
	sport=soccer
	roof:shape=flat
	building=commercial
	highway=pedestrian
	building=terrace
	waterway=drain
	admin_level=6
	highway=primary_link
	access=destination
	building=school
	admin_level=4
	building=roof
	sport=tennis
	roof:material=roof_tiles
	building=hut
	landuse=basin
	roof:orientation=across
	amenity=school
	building:part=yes
	waterway=canal
	railway=platform
	leisure=sports_centre
	building=barn
	leisure=garden
	building:material=plaster
	barrier=retaining_wall
	railway=disused
	landuse=railway
	landuse=reservoir
	waterway=riverbank
	building=church
	railway=tram
	leisure=nature_reserve
	roof:orientation=along
	landuse=retail
	building=greenhouse
	leisure=swimming_pool
	landuse=quarry
	natural=heath
	aeroway=taxiway
	landuse=village_green
	man_made=pier
	landuse=construction
	sport=multi
	roof:shape=hipped
	natural=wetland
	admin_level=5
	highway=secondary_link
	sport=equestrian
	landuse=recreation_ground
	railway=light_rail
	highway=construction
	piste:type=nordic
	sport=swimming
	tourism=attraction
	landuse=vineyard
	leisure=track
	highway=bridleway
	landuse=brownfield
	building=retail
	wood=deciduous
	building=office
	building=public
	building=farm_auxiliary
	piste:difficulty=easy
	building=university
	leisure=stadium
	building=warehouse
	highway=tertiary_link
	place=locality
	building=cabin
	leisure=water_park
	amenity=grave_yard
	historic=castle
	barrier=city_wall
	building=chapel
	building=civic
	aeroway=runway
	building=farm
	wood=mixed
	oneway=-1
	natural=beach
	leisure=common
	landuse=greenfield
	amenity=hospital
	sport=shooting
	amenity=university
	sport=basketball
	roof:shape=pyramidal
	landuse=landfill
	roof:material=tar_paper
	landuse=military
	piste:difficulty=intermediate
	tunnel=no
	building=hospital
	railway=narrow_gauge
	amenity=toilets
	building:part=elevator
	natural=scree
	building=hotel
	leisure=golf_course
	waterway=dam
	amenity=fountain
	highway=road
	building:material=brick
	building=train_station
	building=service
	wood=coniferous
	aeroway=aerodrome
	roof:shape=skillion
	building=hangar
	lock=yes
	historic=ruins
	sport=golf
	aeroway=apron
	piste:type=downhill
	building=manufacture
	building=semidetached_house
	highway=raceway
	building:material=glass
	tourism=zoo
	building=supermarket
	highway=services
	building:part=roof
	tourism=hostel
	building:material=stone
	roof:material=slate
	roof:shape=half-hipped
	sport=volleyball
	railway=preserved
	aeroway=helipad
	amenity=theatre
	leisure=dog_park
	railway=subway
	sport=boules
	building:material=concrete
	military=barracks
	building:material=wood
	piste:difficulty=advanced
	railway=miniature
	railway=monorail
	roof:material=glass
	roof:material=gravel
	aerialway=drag_lift
	sport=climbing
	route=ferry
	building=shelter
	building:material=metal
	aeroway=terminal
	natural=fell
	amenity=college
	roof:shape=gambrel
	piste:difficulty=novice
	roof:shape=round
	roof:shape=mansard
	roof:material=concrete
	building=ruins
	sport=baseball
	roof:material=metal
	sport=football
	sport=skating
	roof:material=eternit
	building=transportation
	roof:shape=dome
	roof:material=grass
	piste:type=sled
	building=mosque
	building=shop
	sport=skiing
	roof:material=stone
	building=castle
	building:material=sandstone
	amenity=embassy
	building:part=ramp
	roof:material=copper
	aerialway=gondola
	railway=funicular
	building=monastery
	aerialway=chair_lift
	aerialway=rope_tow
	boundary=national_park
	building=cathedral
	building=museum
	amenity=swimming_pool
	building=factory
	roof:shape=onion
	aerialway=cable_car
	railway=station
	roof:material=wood
	aerialway=magic_carpet
	military=airfield
	building=gym
	building:part=tower
	roof:shape=saltbox
	roof:material=thatch
	highway=bus_guideway
	sport=cricket
	sport=bowls
	building:material=steel
	roof:material=acrylic_glass
	roof:material=plastic
	roof:material=plants
